<?xml version="1.0" encoding="UTF-8" ?>
<testsuite failures="4" time="0.053" errors="0" skipped="0" tests="5" name="org.sugis.intervalmap.IntervalTestCase">
  <properties>
[...]
</properties>
  <testcase time="0.004" classname="org.sugis.intervalmap.IntervalTestCase" name="testHashCode">
    <failure message="Not yet implemented" type="junit.framework.AssertionFailedError">junit.framework.AssertionFailedError: Not yet implemented
	at junit.framework.Assert.fail(Assert.java:47)
	at org.sugis.intervalmap.IntervalTestCase.testHashCode(IntervalTestCase.java:26)
</failure>
  </testcase>
  <testcase time="0" classname="org.sugis.intervalmap.IntervalTestCase" name="testGetLowerBound">
    <failure message="Not yet implemented" type="junit.framework.AssertionFailedError">junit.framework.AssertionFailedError: Not yet implemented
	at junit.framework.Assert.fail(Assert.java:47)
	at org.sugis.intervalmap.IntervalTestCase.testGetLowerBound(IntervalTestCase.java:34)
</failure>
  </testcase>
  <testcase time="0" classname="org.sugis.intervalmap.IntervalTestCase" name="testGetUpperBound">
    <failure message="Not yet implemented" type="junit.framework.AssertionFailedError">junit.framework.AssertionFailedError: Not yet implemented
	at junit.framework.Assert.fail(Assert.java:47)
	at org.sugis.intervalmap.IntervalTestCase.testGetUpperBound(IntervalTestCase.java:42)
</failure>
  </testcase>
  <testcase time="0" classname="org.sugis.intervalmap.IntervalTestCase" name="testEqualsObject">
    <failure message="Not yet implemented" type="junit.framework.AssertionFailedError">junit.framework.AssertionFailedError: Not yet implemented
	at junit.framework.Assert.fail(Assert.java:47)
	at org.sugis.intervalmap.IntervalTestCase.testEqualsObject(IntervalTestCase.java:50)
</failure>
  </testcase>
  <testcase time="0" classname="org.sugis.intervalmap.IntervalTestCase" name="testSwappedBounds"/>
</testsuite>