<?xml version="1.0" encoding="UTF-8" ?>
<testsuite failures="4" time="0.053" errors="0" skipped="0" tests="5" name="org.sugis.intervalmap.IntervalTestCase">
  <properties>
    <property name="java.vendor" value="Apple Inc."/>
    <property name="localRepository" value="/Users/steven/.m2/repository"/>
    <property name="sun.java.launcher" value="SUN_STANDARD"/>
    <property name="sun.management.compiler" value="HotSpot 64-Bit Server Compiler"/>
    <property name="env.SECURITYSESSIONID" value="327b33"/>
    <property name="env.COLORFGBG" value="0;15"/>
    <property name="os.name" value="Mac OS X"/>
    <property name="sun.boot.class.path" value="/System/Library/Frameworks/JavaVM.framework/Versions/1.6.0/Classes/jsfd.jar:/System/Library/Frameworks/JavaVM.framework/Versions/1.6.0/Classes/classes.jar:/System/Library/Frameworks/JavaVM.framework/Frameworks/JavaRuntimeSupport.framework/Resources/Java/JavaRuntimeSupport.jar:/System/Library/Frameworks/JavaVM.framework/Versions/1.6.0/Classes/ui.jar:/System/Library/Frameworks/JavaVM.framework/Versions/1.6.0/Classes/laf.jar:/System/Library/Frameworks/JavaVM.framework/Versions/1.6.0/Classes/sunrsasign.jar:/System/Library/Frameworks/JavaVM.framework/Versions/1.6.0/Classes/jsse.jar:/System/Library/Frameworks/JavaVM.framework/Versions/1.6.0/Classes/jce.jar:/System/Library/Frameworks/JavaVM.framework/Versions/1.6.0/Classes/charsets.jar"/>
    <property name="env.TMPDIR" value="/var/folders/Ll/LlT8Vh2YGX4c7vgvlmaJSk+++TI/-Tmp-/"/>
    <property name="env.PWD" value="/Users/steven/Documents/workspace/IntervalMap"/>
    <property name="env.LANG" value="en_US.utf-8"/>
    <property name="java.vm.specification.vendor" value="Sun Microsystems Inc."/>
    <property name="java.runtime.version" value="1.6.0_15-b03-219"/>
    <property name="env.JAVA_MAIN_CLASS_40953" value="org.codehaus.classworlds.Launcher"/>
    <property name="env.Apple_PubSub_Socket_Render" value="/tmp/launch-HdbE0P/Render"/>
    <property name="env.DISPLAY" value="/tmp/launch-lpUh3x/:0"/>
    <property name="user.name" value="steven"/>
    <property name="env.USER" value="steven"/>
    <property name="env.SHELL" value="/bin/zsh"/>
    <property name="env.__CF_USER_TEXT_ENCODING" value="0x1F5:0:0"/>
    <property name="awt.nativeDoubleBuffering" value="true"/>
    <property name="env.PATH" value="/usr/bin:/bin:/usr/sbin:/sbin:/usr/local/bin:/usr/X11/bin:/opt/local/bin:/opt/local/lib/postgresql84/bin"/>
    <property name="user.language" value="en"/>
    <property name="env.LC_MONETARY" value="en_US.utf-8"/>
    <property name="sun.boot.library.path" value="/System/Library/Frameworks/JavaVM.framework/Versions/1.6.0/Libraries"/>
    <property name="classworlds.conf" value="/usr/share/maven/bin/m2.conf"/>
    <property name="env.LC_CTYPE" value="en_US.utf-8"/>
    <property name="java.version" value="1.6.0_15"/>
    <property name="user.timezone" value="America/Los_Angeles"/>
    <property name="sun.arch.data.model" value="64"/>
    <property name="http.nonProxyHosts" value="local|*.local|169.254/16|*.169.254/16"/>
    <property name="java.endorsed.dirs" value="/System/Library/Frameworks/JavaVM.framework/Versions/1.6.0/Home/lib/endorsed"/>
    <property name="sun.cpu.isalist" value=""/>
    <property name="sun.jnu.encoding" value="MacRoman"/>
    <property name="file.encoding.pkg" value="sun.io"/>
    <property name="env.SHLVL" value="1"/>
    <property name="file.separator" value="/"/>
    <property name="java.specification.name" value="Java Platform API Specification"/>
    <property name="java.class.version" value="50.0"/>
    <property name="user.country" value="US"/>
    <property name="java.home" value="/System/Library/Frameworks/JavaVM.framework/Versions/1.6.0/Home"/>
    <property name="java.vm.info" value="mixed mode"/>
    <property name="env.LOGNAME" value="steven"/>
    <property name="os.version" value="10.6.1"/>
    <property name="path.separator" value=":"/>
    <property name="java.vm.version" value="14.1-b02-90"/>
    <property name="java.awt.printerjob" value="apple.awt.CPrinterJob"/>
    <property name="env.TERM" value="xterm"/>
    <property name="sun.io.unicode.encoding" value="UnicodeLittle"/>
    <property name="awt.toolkit" value="apple.awt.CToolkit"/>
    <property name="socksNonProxyHosts" value="local|*.local|169.254/16|*.169.254/16"/>
    <property name="ftp.nonProxyHosts" value="local|*.local|169.254/16|*.169.254/16"/>
    <property name="user.home" value="/Users/steven"/>
    <property name="env.OLDPWD" value="/Users/steven/Documents/workspace/IntervalMap"/>
    <property name="java.specification.vendor" value="Sun Microsystems Inc."/>
    <property name="env.TERM_PROGRAM" value="iTerm.app"/>
    <property name="java.library.path" value=".:/Library/Java/Extensions:/System/Library/Java/Extensions:/usr/lib/java"/>
    <property name="java.vendor.url" value="http://www.apple.com/"/>
    <property name="env.LC_MESSAGES" value="en_US.utf-8"/>
    <property name="java.vm.vendor" value="Apple Inc."/>
    <property name="gopherProxySet" value="false"/>
    <property name="maven.home" value="/usr/share/maven"/>
    <property name="java.runtime.name" value="Java(TM) SE Runtime Environment"/>
    <property name="java.class.path" value="/usr/share/maven/boot/classworlds-1.1.jar"/>
    <property name="java.vm.specification.name" value="Java Virtual Machine Specification"/>
    <property name="java.vm.specification.version" value="1.0"/>
    <property name="sun.cpu.endian" value="little"/>
    <property name="sun.os.patch.level" value="unknown"/>
    <property name="env.HOME" value="/Users/steven"/>
    <property name="surefire.test.class.path" value="/Users/steven/Documents/workspace/IntervalMap/target/test-classes:/Users/steven/Documents/workspace/IntervalMap/target/classes:/Users/steven/.m2/repository/junit/junit/3.8.1/junit-3.8.1.jar:/Users/steven/.m2/repository/com/google/code/findbugs/jsr305/1.3.9/jsr305-1.3.9.jar:"/>
    <property name="java.io.tmpdir" value="/var/folders/Ll/LlT8Vh2YGX4c7vgvlmaJSk+++TI/-Tmp-/"/>
    <property name="java.vendor.url.bug" value="http://bugreport.apple.com/"/>
    <property name="env.SSH_AUTH_SOCK" value="/tmp/launch-5MYBy9/Listeners"/>
    <property name="env.COMMAND_MODE" value="legacy"/>
    <property name="java.awt.graphicsenv" value="apple.awt.CGraphicsEnvironment"/>
    <property name="os.arch" value="x86_64"/>
    <property name="java.ext.dirs" value="/Library/Java/Extensions:/System/Library/Java/Extensions:/System/Library/Frameworks/JavaVM.framework/Versions/1.6.0/Home/lib/ext"/>
    <property name="user.dir" value="/Users/steven/Documents/workspace/IntervalMap"/>
    <property name="mrj.version" value="1060.1.6.0_15-219"/>
    <property name="line.separator" value="
"/>
    <property name="java.vm.name" value="Java HotSpot(TM) 64-Bit Server VM"/>
    <property name="env.LC_NUMERIC" value="en_US.utf-8"/>
    <property name="env.EDITOR" value="nano"/>
    <property name="basedir" value="/Users/steven/Documents/workspace/IntervalMap"/>
    <property name="env.LC_TIME" value="en_US.utf-8"/>
    <property name="file.encoding" value="MacRoman"/>
    <property name="env.LC_COLLATE" value="en_US.utf-8"/>
    <property name="java.specification.version" value="1.6"/>
  </properties>
  <testcase time="0.004" classname="org.sugis.intervalmap.IntervalTestCase" name="testHashCode">
    <failure message="Not yet implemented" type="junit.framework.AssertionFailedError">junit.framework.AssertionFailedError: Not yet implemented
	at junit.framework.Assert.fail(Assert.java:47)
	at org.sugis.intervalmap.IntervalTestCase.testHashCode(IntervalTestCase.java:26)
</failure>
  </testcase>
  <testcase time="0" classname="org.sugis.intervalmap.IntervalTestCase" name="testGetLowerBound">
    <failure message="Not yet implemented" type="junit.framework.AssertionFailedError">junit.framework.AssertionFailedError: Not yet implemented
	at junit.framework.Assert.fail(Assert.java:47)
	at org.sugis.intervalmap.IntervalTestCase.testGetLowerBound(IntervalTestCase.java:34)
</failure>
  </testcase>
  <testcase time="0" classname="org.sugis.intervalmap.IntervalTestCase" name="testGetUpperBound">
    <failure message="Not yet implemented" type="junit.framework.AssertionFailedError">junit.framework.AssertionFailedError: Not yet implemented
	at junit.framework.Assert.fail(Assert.java:47)
	at org.sugis.intervalmap.IntervalTestCase.testGetUpperBound(IntervalTestCase.java:42)
</failure>
  </testcase>
  <testcase time="0" classname="org.sugis.intervalmap.IntervalTestCase" name="testEqualsObject">
    <failure message="Not yet implemented" type="junit.framework.AssertionFailedError">junit.framework.AssertionFailedError: Not yet implemented
	at junit.framework.Assert.fail(Assert.java:47)
	at org.sugis.intervalmap.IntervalTestCase.testEqualsObject(IntervalTestCase.java:50)
</failure>
  </testcase>
  <testcase time="0" classname="org.sugis.intervalmap.IntervalTestCase" name="testSwappedBounds"/>
</testsuite>